C:\Program Files (x86)\Microsoft Visual Studio\2019\Community\MSBuild\Microsoft\VC\v160\Microsoft.CppCommon.targets(37,5): warning MSB4211: The property "IntermediateOutputPath" is being set to a value for the first time, but it was already consumed at "C:\Program Files (x86)\Microsoft Visual Studio\2019\Community\MSBuild\Microsoft\VC\v160\Microsoft.CppCommon.targets (36,5)".
C:\Program Files (x86)\Microsoft Visual Studio\2019\Community\MSBuild\Current\Bin\Microsoft.Common.CurrentVersion.targets(340,5): warning MSB4211: The property "CleanFile" is being set to a value for the first time, but it was already consumed at "C:\Program Files (x86)\Microsoft Visual Studio\2019\Community\MSBuild\Microsoft\VC\v160\Microsoft.CppCommon.targets (36,5)".
  pa_allocation.c
  pa_converters.c
  pa_cpuload.c
  pa_debugprint.c
  pa_dither.c
  pa_front.c
  pa_process.c
  pa_ringbuffer.c
  pa_stream.c
  pa_trace.c
  pa_win_ds.c
  pa_win_ds_dynlink.c
  pa_hostapi_skeleton.c
  pa_win_wasapi.c
  pa_win_wdmks.c
  pa_win_wmme.c
  pa_win_coinitialize.c
  pa_win_hostapis.c
  pa_win_util.c
  pa_win_waveformat.c
  Generating Code...
  Compiling...
  pa_win_wdmks_utils.c
  pa_x86_plain_converters.c
  Generating Code...
  asio.cpp
  asiodrivers.cpp
  asiolist.cpp
  pa_asio.cpp
  Generating Code...
C:\Program Files (x86)\Microsoft Visual Studio\2019\Community\MSBuild\Microsoft\VC\v160\Microsoft.CppBuild.targets(1341,5): warning MSB8012: TargetPath(C:\Users\DevNVME\Desktop\portaudiopp\portaudio\msvc_build\msvc\Win32\ReleaseMinDependency\portaudio.dll) does not match the Linker's OutputFile property value (C:\Users\DevNVME\Desktop\portaudiopp\portaudio\msvc_build\msvc\Win32\ReleaseMinDependency\portaudio_x86.dll). This may cause your project to build incorrectly. To correct this, please make sure that $(OutDir), $(TargetName) and $(TargetExt) property values match the value specified in %(Link.OutputFile).
C:\Program Files (x86)\Microsoft Visual Studio\2019\Community\MSBuild\Microsoft\VC\v160\Microsoft.CppBuild.targets(1343,5): warning MSB8012: TargetName(portaudio) does not match the Linker's OutputFile property value (portaudio_x86). This may cause your project to build incorrectly. To correct this, please make sure that $(OutDir), $(TargetName) and $(TargetExt) property values match the value specified in %(Link.OutputFile).
     Creating library Win32\ReleaseMinDependency\portaudio_x86.lib and object Win32\ReleaseMinDependency\portaudio_x86.exp
  portaudio.vcxproj -> C:\Users\DevNVME\Desktop\portaudiopp\portaudio\msvc_build\msvc\Win32\ReleaseMinDependency\portaudio.dll
