c:\users\devnvme\desktop\portaudiopp\portaudio\msvc_build\msvc\win32\releasemindependency\vc142.pdb
c:\users\devnvme\desktop\portaudiopp\portaudio\msvc_build\msvc\win32\releasemindependency\pa_win_waveformat.obj
c:\users\devnvme\desktop\portaudiopp\portaudio\msvc_build\msvc\win32\releasemindependency\pa_win_util.obj
c:\users\devnvme\desktop\portaudiopp\portaudio\msvc_build\msvc\win32\releasemindependency\pa_win_hostapis.obj
c:\users\devnvme\desktop\portaudiopp\portaudio\msvc_build\msvc\win32\releasemindependency\pa_win_coinitialize.obj
c:\users\devnvme\desktop\portaudiopp\portaudio\msvc_build\msvc\win32\releasemindependency\pa_win_wmme.obj
c:\users\devnvme\desktop\portaudiopp\portaudio\msvc_build\msvc\win32\releasemindependency\pa_win_wdmks.obj
c:\users\devnvme\desktop\portaudiopp\portaudio\msvc_build\msvc\win32\releasemindependency\pa_win_wasapi.obj
c:\users\devnvme\desktop\portaudiopp\portaudio\msvc_build\msvc\win32\releasemindependency\pa_hostapi_skeleton.obj
c:\users\devnvme\desktop\portaudiopp\portaudio\msvc_build\msvc\win32\releasemindependency\pa_win_ds_dynlink.obj
c:\users\devnvme\desktop\portaudiopp\portaudio\msvc_build\msvc\win32\releasemindependency\pa_win_ds.obj
c:\users\devnvme\desktop\portaudiopp\portaudio\msvc_build\msvc\win32\releasemindependency\pa_trace.obj
c:\users\devnvme\desktop\portaudiopp\portaudio\msvc_build\msvc\win32\releasemindependency\pa_stream.obj
c:\users\devnvme\desktop\portaudiopp\portaudio\msvc_build\msvc\win32\releasemindependency\pa_ringbuffer.obj
c:\users\devnvme\desktop\portaudiopp\portaudio\msvc_build\msvc\win32\releasemindependency\pa_process.obj
c:\users\devnvme\desktop\portaudiopp\portaudio\msvc_build\msvc\win32\releasemindependency\pa_front.obj
c:\users\devnvme\desktop\portaudiopp\portaudio\msvc_build\msvc\win32\releasemindependency\pa_dither.obj
c:\users\devnvme\desktop\portaudiopp\portaudio\msvc_build\msvc\win32\releasemindependency\pa_debugprint.obj
c:\users\devnvme\desktop\portaudiopp\portaudio\msvc_build\msvc\win32\releasemindependency\pa_cpuload.obj
c:\users\devnvme\desktop\portaudiopp\portaudio\msvc_build\msvc\win32\releasemindependency\pa_converters.obj
c:\users\devnvme\desktop\portaudiopp\portaudio\msvc_build\msvc\win32\releasemindependency\pa_allocation.obj
c:\users\devnvme\desktop\portaudiopp\portaudio\msvc_build\msvc\win32\releasemindependency\pa_x86_plain_converters.obj
c:\users\devnvme\desktop\portaudiopp\portaudio\msvc_build\msvc\win32\releasemindependency\pa_win_wdmks_utils.obj
c:\users\devnvme\desktop\portaudiopp\portaudio\msvc_build\msvc\win32\releasemindependency\pa_asio.obj
c:\users\devnvme\desktop\portaudiopp\portaudio\msvc_build\msvc\win32\releasemindependency\asiolist.obj
c:\users\devnvme\desktop\portaudiopp\portaudio\msvc_build\msvc\win32\releasemindependency\asiodrivers.obj
c:\users\devnvme\desktop\portaudiopp\portaudio\msvc_build\msvc\win32\releasemindependency\asio.obj
c:\users\devnvme\desktop\portaudiopp\portaudio\msvc_build\msvc\win32\releasemindependency\portaudio_x86.dll
c:\users\devnvme\desktop\portaudiopp\portaudio\msvc_build\msvc\win32\releasemindependency\portaudio_x86.pdb
c:\users\devnvme\desktop\portaudiopp\portaudio\msvc_build\msvc\win32\releasemindependency\portaudio_x86.lib
c:\users\devnvme\desktop\portaudiopp\portaudio\msvc_build\msvc\win32\releasemindependency\portaudio_x86.exp
c:\users\devnvme\desktop\portaudiopp\portaudio\msvc_build\msvc\win32\releasemindependency\portaudio.tlog\cl.command.1.tlog
c:\users\devnvme\desktop\portaudiopp\portaudio\msvc_build\msvc\win32\releasemindependency\portaudio.tlog\cl.read.1.tlog
c:\users\devnvme\desktop\portaudiopp\portaudio\msvc_build\msvc\win32\releasemindependency\portaudio.tlog\cl.write.1.tlog
c:\users\devnvme\desktop\portaudiopp\portaudio\msvc_build\msvc\win32\releasemindependency\portaudio.tlog\link.command.1.tlog
c:\users\devnvme\desktop\portaudiopp\portaudio\msvc_build\msvc\win32\releasemindependency\portaudio.tlog\link.read.1.tlog
c:\users\devnvme\desktop\portaudiopp\portaudio\msvc_build\msvc\win32\releasemindependency\portaudio.tlog\link.write.1.tlog
c:\users\devnvme\desktop\portaudiopp\portaudio\msvc_build\msvc\win32\releasemindependency\portaudio.tlog\portaudio.write.1u.tlog
